<?xml version="1.0" encoding="UTF-8"?>
<!-- Generated by org.testng.reporters.JUnitXMLReporter -->
<testsuite ignored="0" hostname="DESKTOP-N60QB27" failures="0" tests="3" name="Default test" time="0.091" errors="0" timestamp="2022-12-10T10:54:20 IST">
  <testcase classname="tests.TestCase" name="TestCase1" time="0.013"/>
  <testcase classname="tests.TestCase" name="TestCase2" time="0.002"/>
  <testcase classname="tests.TestCase" name="TestCase3" time="0.001"/>
</testsuite> <!-- Default test -->
