<?xml version="1.0" encoding="UTF-8"?>
<testng-results ignored="0" total="3" passed="3" failed="0" skipped="0">
  <reporter-output>
  </reporter-output>
  <suite started-at="2022-12-12T15:43:28 IST" name="Suite" finished-at="2022-12-12T15:43:46 IST" duration-ms="17413">
    <groups>
    </groups>
    <test started-at="2022-12-12T15:43:28 IST" name="TestCase" finished-at="2022-12-12T15:43:46 IST" duration-ms="17413">
      <class name="tests.TestCase">
        <test-method is-config="true" signature="setUp()[pri:0, instance:tests.TestCase@29d89d5d]" started-at="2022-12-12T15:43:29 IST" name="setUp" finished-at="2022-12-12T15:43:39 IST" duration-ms="10777" status="PASS">
          <reporter-output>
          </reporter-output>
        </test-method> <!-- setUp -->
        <test-method is-config="true" signature="setUp()[pri:0, instance:tests.TestCase@29d89d5d]" started-at="2022-12-12T15:43:29 IST" name="setUp" finished-at="2022-12-12T15:43:39 IST" duration-ms="10725" status="PASS">
          <reporter-output>
          </reporter-output>
        </test-method> <!-- setUp -->
        <test-method is-config="true" signature="setUp()[pri:0, instance:tests.TestCase@29d89d5d]" started-at="2022-12-12T15:43:29 IST" name="setUp" finished-at="2022-12-12T15:43:40 IST" duration-ms="10925" status="PASS">
          <reporter-output>
          </reporter-output>
        </test-method> <!-- setUp -->
        <test-method signature="TestCase2()[pri:0, instance:tests.TestCase@29d89d5d]" started-at="2022-12-12T15:43:39 IST" name="TestCase2" finished-at="2022-12-12T15:43:45 IST" duration-ms="5475" status="PASS">
          <reporter-output>
          </reporter-output>
        </test-method> <!-- TestCase2 -->
        <test-method signature="TestCase1()[pri:0, instance:tests.TestCase@29d89d5d]" started-at="2022-12-12T15:43:39 IST" name="TestCase1" finished-at="2022-12-12T15:43:45 IST" duration-ms="5826" status="PASS">
          <reporter-output>
          </reporter-output>
        </test-method> <!-- TestCase1 -->
        <test-method signature="TestCase3()[pri:0, instance:tests.TestCase@29d89d5d]" started-at="2022-12-12T15:43:40 IST" name="TestCase3" finished-at="2022-12-12T15:43:45 IST" duration-ms="5279" status="PASS">
          <reporter-output>
          </reporter-output>
        </test-method> <!-- TestCase3 -->
        <test-method is-config="true" signature="tearDown()[pri:0, instance:tests.TestCase@29d89d5d]" started-at="2022-12-12T15:43:45 IST" name="tearDown" finished-at="2022-12-12T15:43:45 IST" duration-ms="297" status="PASS">
          <reporter-output>
          </reporter-output>
        </test-method> <!-- tearDown -->
        <test-method is-config="true" signature="tearDown()[pri:0, instance:tests.TestCase@29d89d5d]" started-at="2022-12-12T15:43:45 IST" name="tearDown" finished-at="2022-12-12T15:43:45 IST" duration-ms="220" status="PASS">
          <reporter-output>
          </reporter-output>
        </test-method> <!-- tearDown -->
        <test-method is-config="true" signature="tearDown()[pri:0, instance:tests.TestCase@29d89d5d]" started-at="2022-12-12T15:43:45 IST" name="tearDown" finished-at="2022-12-12T15:43:46 IST" duration-ms="303" status="PASS">
          <reporter-output>
          </reporter-output>
        </test-method> <!-- tearDown -->
      </class> <!-- tests.TestCase -->
    </test> <!-- TestCase -->
  </suite> <!-- Suite -->
</testng-results>
