<?xml version="1.0" encoding="UTF-8"?>
<testng-results ignored="0" total="3" passed="3" failed="0" skipped="0">
  <reporter-output>
  </reporter-output>
  <suite started-at="2022-12-10T10:58:43 IST" name="Suite" finished-at="2022-12-10T10:58:55 IST" duration-ms="12863">
    <groups>
    </groups>
    <test started-at="2022-12-10T10:58:43 IST" name="TestCase" finished-at="2022-12-10T10:58:55 IST" duration-ms="12863">
      <class name="tests.TestCase">
        <test-method is-config="true" signature="setUp()[pri:0, instance:tests.TestCase@79da8dc5]" started-at="2022-12-10T10:58:43 IST" name="setUp" finished-at="2022-12-10T10:58:55 IST" duration-ms="12597" status="PASS">
          <reporter-output>
          </reporter-output>
        </test-method> <!-- setUp -->
        <test-method is-config="true" signature="setUp()[pri:0, instance:tests.TestCase@79da8dc5]" started-at="2022-12-10T10:58:43 IST" name="setUp" finished-at="2022-12-10T10:58:54 IST" duration-ms="11368" status="PASS">
          <reporter-output>
          </reporter-output>
        </test-method> <!-- setUp -->
        <test-method is-config="true" signature="setUp()[pri:0, instance:tests.TestCase@79da8dc5]" started-at="2022-12-10T10:58:43 IST" name="setUp" finished-at="2022-12-10T10:58:54 IST" duration-ms="11348" status="PASS">
          <reporter-output>
          </reporter-output>
        </test-method> <!-- setUp -->
        <test-method signature="TestCase2()[pri:0, instance:tests.TestCase@79da8dc5]" started-at="2022-12-10T10:58:54 IST" name="TestCase2" finished-at="2022-12-10T10:58:54 IST" duration-ms="28" status="PASS">
          <reporter-output>
          </reporter-output>
        </test-method> <!-- TestCase2 -->
        <test-method signature="TestCase1()[pri:0, instance:tests.TestCase@79da8dc5]" started-at="2022-12-10T10:58:54 IST" name="TestCase1" finished-at="2022-12-10T10:58:54 IST" duration-ms="15" status="PASS">
          <reporter-output>
          </reporter-output>
        </test-method> <!-- TestCase1 -->
        <test-method is-config="true" signature="tearDown()[pri:0, instance:tests.TestCase@79da8dc5]" started-at="2022-12-10T10:58:54 IST" name="tearDown" finished-at="2022-12-10T10:58:54 IST" duration-ms="231" status="PASS">
          <reporter-output>
          </reporter-output>
        </test-method> <!-- tearDown -->
        <test-method is-config="true" signature="tearDown()[pri:0, instance:tests.TestCase@79da8dc5]" started-at="2022-12-10T10:58:54 IST" name="tearDown" finished-at="2022-12-10T10:58:54 IST" duration-ms="227" status="PASS">
          <reporter-output>
          </reporter-output>
        </test-method> <!-- tearDown -->
        <test-method signature="TestCase3()[pri:0, instance:tests.TestCase@79da8dc5]" started-at="2022-12-10T10:58:55 IST" name="TestCase3" finished-at="2022-12-10T10:58:55 IST" duration-ms="5" status="PASS">
          <reporter-output>
          </reporter-output>
        </test-method> <!-- TestCase3 -->
        <test-method is-config="true" signature="tearDown()[pri:0, instance:tests.TestCase@79da8dc5]" started-at="2022-12-10T10:58:55 IST" name="tearDown" finished-at="2022-12-10T10:58:55 IST" duration-ms="189" status="PASS">
          <reporter-output>
          </reporter-output>
        </test-method> <!-- tearDown -->
      </class> <!-- tests.TestCase -->
    </test> <!-- TestCase -->
  </suite> <!-- Suite -->
</testng-results>
